build/intermediates/manifest_merge_blame_file/debug/processDebugManifest/manifest-merger-blame-debug-report.txt
1<?xml version="1.0" encoding="utf-8"?>
2<manifest xmlns:android="http://schemas.android.com/apk/res/android"
3    package="com.cocos.lib" >
4
5    <uses-sdk android:minSdkVersion="24" />
6
7    <uses-permission android:name="android.permission.ACCESS_NETWORK_STATE" />
7-->src/main/AndroidManifest.xml:3:5-79
7-->src/main/AndroidManifest.xml:3:22-76
8
9    <application>
9-->src/main/AndroidManifest.xml:4:5-6:19
10        <service android:name="com.cocos.bridge.Cocos2MainService" />
10-->src/main/AndroidManifest.xml:5:9-70
10-->src/main/AndroidManifest.xml:5:18-67
11    </application>
12
13</manifest>